driver-drowsiness-alert-app/app/build/intermediates/manifest_merge_blame_file/debug/manifest-merger-blame-debug-report.txt
1<?xml version="1.0" encoding="utf-8"?>
2<manifest xmlns:android="http://schemas.android.com/apk/res/android"
3    package="com.drivelert.akarshan.drivelert"
4    android:versionCode="5"
5    android:versionName="1.3" >
6
7    <uses-sdk
7-->src\main\AndroidManifest.xml:6:5-47
8        android:minSdkVersion="16"
8-->src\main\AndroidManifest.xml:6:5-47
9        android:targetSdkVersion="30" />
9-->src\main\AndroidManifest.xml:6:15-44
10
11    <uses-feature android:name="android.hardware.camera" />
11-->src\main\AndroidManifest.xml:8:5-60
11-->src\main\AndroidManifest.xml:8:19-57
12
13    <uses-permission android:name="android.permission.CAMERA" />
13-->src\main\AndroidManifest.xml:9:5-65
13-->src\main\AndroidManifest.xml:9:22-62
14    <uses-permission android:name="android.permission.READ_PHONE_STATE" />
14-->src\main\AndroidManifest.xml:10:5-75
14-->src\main\AndroidManifest.xml:10:22-72
15    <uses-permission android:name="android.permission.CAMERA" />
15-->src\main\AndroidManifest.xml:9:5-65
15-->src\main\AndroidManifest.xml:9:22-62
16
17    <!-- Include required permissions for Google Mobile Ads to run -->
18    <uses-permission android:name="android.permission.INTERNET" />
18-->[com.google.android.gms:play-services-ads-lite:12.0.1] AndroidManifest.xml:23:5-67
18-->[com.google.android.gms:play-services-ads-lite:12.0.1] AndroidManifest.xml:23:22-64
19    <uses-permission android:name="android.permission.ACCESS_NETWORK_STATE" /> <!-- Optional permission for Analytics to run. -->
19-->[com.google.android.gms:play-services-ads-lite:12.0.1] AndroidManifest.xml:24:5-79
19-->[com.google.android.gms:play-services-ads-lite:12.0.1] AndroidManifest.xml:24:22-76
20    <uses-permission android:name="android.permission.WAKE_LOCK" /> <!-- Required by older versions of Google Play services to create GCM registration tokens -->
20-->[com.google.android.gms:play-services-analytics:12.0.1] AndroidManifest.xml:27:5-68
20-->[com.google.android.gms:play-services-analytics:12.0.1] AndroidManifest.xml:27:22-65
21    <uses-permission android:name="com.google.android.c2dm.permission.RECEIVE" />
21-->[com.google.android.gms:play-services-gcm:12.0.1] AndroidManifest.xml:23:5-82
21-->[com.google.android.gms:play-services-gcm:12.0.1] AndroidManifest.xml:23:22-79
22
23    <uses-feature
23-->[com.google.android.gms:play-services-maps:12.0.1] AndroidManifest.xml:26:5-28:35
24        android:glEsVersion="0x00020000"
24-->[com.google.android.gms:play-services-maps:12.0.1] AndroidManifest.xml:27:9-41
25        android:required="true" />
25-->[com.google.android.gms:play-services-maps:12.0.1] AndroidManifest.xml:28:9-32
26
27    <permission
27-->[com.google.firebase:firebase-iid:12.0.1] AndroidManifest.xml:28:5-30:47
28        android:name="com.drivelert.akarshan.drivelert.permission.C2D_MESSAGE"
28-->[com.google.firebase:firebase-iid:12.0.1] AndroidManifest.xml:29:9-63
29        android:protectionLevel="signature" />
29-->[com.google.firebase:firebase-iid:12.0.1] AndroidManifest.xml:30:9-44
30
31    <uses-permission android:name="com.drivelert.akarshan.drivelert.permission.C2D_MESSAGE" />
31-->[com.google.firebase:firebase-iid:12.0.1] AndroidManifest.xml:32:5-79
31-->[com.google.firebase:firebase-iid:12.0.1] AndroidManifest.xml:32:22-76
32
33    <application
33-->src\main\AndroidManifest.xml:12:5-41:19
34        android:name="android.support.multidex.MultiDexApplication"
34-->src\main\AndroidManifest.xml:15:9-68
35        android:allowBackup="true"
35-->src\main\AndroidManifest.xml:13:9-35
36        android:debuggable="true"
37        android:icon="@drawable/l"
37-->src\main\AndroidManifest.xml:16:9-35
38        android:label="@string/app_name"
38-->src\main\AndroidManifest.xml:17:9-41
39        android:largeHeap="true"
39-->src\main\AndroidManifest.xml:14:9-33
40        android:supportsRtl="true"
40-->src\main\AndroidManifest.xml:18:9-35
41        android:theme="@style/AppTheme" >
41-->src\main\AndroidManifest.xml:19:9-40
42        <activity
42-->src\main\AndroidManifest.xml:20:9-22:52
43            android:name="com.example.callback.drowsiness.FaceTrackerActivity"
43-->src\main\AndroidManifest.xml:21:13-79
44            android:screenOrientation="portrait" />
44-->src\main\AndroidManifest.xml:22:13-49
45        <activity
45-->src\main\AndroidManifest.xml:23:9-25:52
46            android:name="com.example.callback.drowsiness.help"
46-->src\main\AndroidManifest.xml:24:13-64
47            android:screenOrientation="portrait" />
47-->src\main\AndroidManifest.xml:25:13-49
48        <activity
48-->src\main\AndroidManifest.xml:26:9-35:20
49            android:name="com.example.callback.drowsiness.MainActivity"
49-->src\main\AndroidManifest.xml:27:13-72
50            android:label="@string/app_name"
50-->src\main\AndroidManifest.xml:28:13-45
51            android:theme="@style/AppTheme.NoActionBar" >
51-->src\main\AndroidManifest.xml:29:13-56
52            <intent-filter>
52-->src\main\AndroidManifest.xml:30:13-34:29
53                <action android:name="android.intent.action.MAIN" />
53-->src\main\AndroidManifest.xml:31:17-69
53-->src\main\AndroidManifest.xml:31:25-66
54
55                <category android:name="android.intent.category.LAUNCHER" />
55-->src\main\AndroidManifest.xml:33:17-77
55-->src\main\AndroidManifest.xml:33:27-74
56            </intent-filter>
57        </activity>
58        <activity
58-->src\main\AndroidManifest.xml:36:9-38:52
59            android:name="com.example.callback.drowsiness.monitor_menu"
59-->src\main\AndroidManifest.xml:37:13-72
60            android:screenOrientation="portrait" />
60-->src\main\AndroidManifest.xml:38:13-49
61        <activity android:name="com.example.callback.drowsiness.end" />
61-->src\main\AndroidManifest.xml:39:9-72
61-->src\main\AndroidManifest.xml:39:19-69
62        <activity android:name="com.example.callback.drowsiness.contactus" />
62-->src\main\AndroidManifest.xml:40:9-78
62-->src\main\AndroidManifest.xml:40:19-75
63
64        <receiver android:name="com.google.android.gms.cast.framework.media.MediaIntentReceiver" />
64-->[com.google.android.gms:play-services-cast-framework:12.0.1] AndroidManifest.xml:8:9-100
64-->[com.google.android.gms:play-services-cast-framework:12.0.1] AndroidManifest.xml:8:19-97
65
66        <service android:name="com.google.android.gms.cast.framework.media.MediaNotificationService" />
66-->[com.google.android.gms:play-services-cast-framework:12.0.1] AndroidManifest.xml:10:9-104
66-->[com.google.android.gms:play-services-cast-framework:12.0.1] AndroidManifest.xml:10:18-101
67        <service android:name="com.google.android.gms.cast.framework.ReconnectionService" />
67-->[com.google.android.gms:play-services-cast-framework:12.0.1] AndroidManifest.xml:11:9-93
67-->[com.google.android.gms:play-services-cast-framework:12.0.1] AndroidManifest.xml:11:18-90
68
69        <meta-data
69-->[com.android.support:mediarouter-v7:26.1.0] AndroidManifest.xml:23:9-25:38
70            android:name="android.support.VERSION"
70-->[com.android.support:mediarouter-v7:26.1.0] AndroidManifest.xml:24:13-51
71            android:value="26.1.0" /> <!-- Include the AdActivity and InAppPurchaseActivity configChanges and themes. -->
71-->[com.android.support:mediarouter-v7:26.1.0] AndroidManifest.xml:25:13-35
72        <activity
72-->[com.google.android.gms:play-services-ads-lite:12.0.1] AndroidManifest.xml:29:9-33:64
73            android:name="com.google.android.gms.ads.AdActivity"
73-->[com.google.android.gms:play-services-ads-lite:12.0.1] AndroidManifest.xml:30:13-65
74            android:configChanges="keyboard|keyboardHidden|orientation|screenLayout|uiMode|screenSize|smallestScreenSize"
74-->[com.google.android.gms:play-services-ads-lite:12.0.1] AndroidManifest.xml:31:13-122
75            android:exported="false"
75-->[com.google.android.gms:play-services-ads-lite:12.0.1] AndroidManifest.xml:32:13-37
76            android:theme="@android:style/Theme.Translucent" />
76-->[com.google.android.gms:play-services-ads-lite:12.0.1] AndroidManifest.xml:33:13-61
77
78        <receiver
78-->[com.google.android.gms:play-services-analytics:12.0.1] AndroidManifest.xml:30:9-34:20
79            android:name="com.google.android.gms.analytics.AnalyticsReceiver"
79-->[com.google.android.gms:play-services-analytics:12.0.1] AndroidManifest.xml:31:13-78
80            android:enabled="true"
80-->[com.google.android.gms:play-services-analytics:12.0.1] AndroidManifest.xml:32:13-35
81            android:exported="false" >
81-->[com.google.android.gms:play-services-analytics:12.0.1] AndroidManifest.xml:33:13-37
82        </receiver>
83
84        <service
84-->[com.google.android.gms:play-services-analytics:12.0.1] AndroidManifest.xml:36:9-39:40
85            android:name="com.google.android.gms.analytics.AnalyticsService"
85-->[com.google.android.gms:play-services-analytics:12.0.1] AndroidManifest.xml:37:13-77
86            android:enabled="true"
86-->[com.google.android.gms:play-services-analytics:12.0.1] AndroidManifest.xml:38:13-35
87            android:exported="false" />
87-->[com.google.android.gms:play-services-analytics:12.0.1] AndroidManifest.xml:39:13-37
88        <service
88-->[com.google.android.gms:play-services-analytics:12.0.1] AndroidManifest.xml:40:9-44:72
89            android:name="com.google.android.gms.analytics.AnalyticsJobService"
89-->[com.google.android.gms:play-services-analytics:12.0.1] AndroidManifest.xml:41:13-80
90            android:enabled="true"
90-->[com.google.android.gms:play-services-analytics:12.0.1] AndroidManifest.xml:42:13-35
91            android:exported="false"
91-->[com.google.android.gms:play-services-analytics:12.0.1] AndroidManifest.xml:43:13-37
92            android:permission="android.permission.BIND_JOB_SERVICE" />
92-->[com.google.android.gms:play-services-analytics:12.0.1] AndroidManifest.xml:44:13-69
93
94        <activity
94-->[com.google.android.gms:play-services-appinvite:12.0.1] AndroidManifest.xml:25:9-34:20
95            android:name="com.google.android.gms.appinvite.PreviewActivity"
95-->[com.google.android.gms:play-services-appinvite:12.0.1] AndroidManifest.xml:26:13-76
96            android:exported="true"
96-->[com.google.android.gms:play-services-appinvite:12.0.1] AndroidManifest.xml:27:13-36
97            android:theme="@style/Theme.AppInvite.Preview" >
97-->[com.google.android.gms:play-services-appinvite:12.0.1] AndroidManifest.xml:28:13-59
98            <intent-filter>
98-->[com.google.android.gms:play-services-appinvite:12.0.1] AndroidManifest.xml:29:13-33:29
99                <action android:name="com.google.android.gms.appinvite.ACTION_PREVIEW" />
99-->[com.google.android.gms:play-services-appinvite:12.0.1] AndroidManifest.xml:30:17-90
99-->[com.google.android.gms:play-services-appinvite:12.0.1] AndroidManifest.xml:30:25-87
100
101                <category android:name="android.intent.category.DEFAULT" />
101-->[com.google.android.gms:play-services-appinvite:12.0.1] AndroidManifest.xml:32:17-76
101-->[com.google.android.gms:play-services-appinvite:12.0.1] AndroidManifest.xml:32:27-73
102            </intent-filter>
103        </activity>
104        <activity
104-->[com.google.android.gms:play-services-auth:12.0.1] AndroidManifest.xml:23:9-27:75
105            android:name="com.google.android.gms.auth.api.signin.internal.SignInHubActivity"
105-->[com.google.android.gms:play-services-auth:12.0.1] AndroidManifest.xml:24:13-93
106            android:excludeFromRecents="true"
106-->[com.google.android.gms:play-services-auth:12.0.1] AndroidManifest.xml:25:13-46
107            android:exported="false"
107-->[com.google.android.gms:play-services-auth:12.0.1] AndroidManifest.xml:26:13-37
108            android:theme="@android:style/Theme.Translucent.NoTitleBar" />
108-->[com.google.android.gms:play-services-auth:12.0.1] AndroidManifest.xml:27:13-72
109        <!--
110            Service handling Google Sign-In user revocation. For apps that do not integrate with
111            Google Sign-In, this service will never be started.
112        -->
113        <service
113-->[com.google.android.gms:play-services-auth:12.0.1] AndroidManifest.xml:33:9-36:110
114            android:name="com.google.android.gms.auth.api.signin.RevocationBoundService"
114-->[com.google.android.gms:play-services-auth:12.0.1] AndroidManifest.xml:34:13-89
115            android:exported="true"
115-->[com.google.android.gms:play-services-auth:12.0.1] AndroidManifest.xml:35:13-36
116            android:permission="com.google.android.gms.auth.api.signin.permission.REVOCATION_NOTIFICATION" />
116-->[com.google.android.gms:play-services-auth:12.0.1] AndroidManifest.xml:36:13-107
117
118        <activity
118-->[com.google.firebase:firebase-auth:12.0.1] AndroidManifest.xml:23:9-29:75
119            android:name="com.google.firebase.auth.internal.FederatedSignInActivity"
119-->[com.google.firebase:firebase-auth:12.0.1] AndroidManifest.xml:24:13-85
120            android:excludeFromRecents="true"
120-->[com.google.firebase:firebase-auth:12.0.1] AndroidManifest.xml:25:13-46
121            android:exported="true"
121-->[com.google.firebase:firebase-auth:12.0.1] AndroidManifest.xml:26:13-36
122            android:launchMode="singleInstance"
122-->[com.google.firebase:firebase-auth:12.0.1] AndroidManifest.xml:27:13-48
123            android:permission="com.google.firebase.auth.api.gms.permission.LAUNCH_FEDERATED_SIGN_IN"
123-->[com.google.firebase:firebase-auth:12.0.1] AndroidManifest.xml:28:13-102
124            android:theme="@android:style/Theme.Translucent.NoTitleBar" />
124-->[com.google.firebase:firebase-auth:12.0.1] AndroidManifest.xml:29:13-72
125        <activity
125-->[com.google.android.gms:play-services-base:12.0.1] AndroidManifest.xml:23:9-26:75
126            android:name="com.google.android.gms.common.api.GoogleApiActivity"
126-->[com.google.android.gms:play-services-base:12.0.1] AndroidManifest.xml:24:13-79
127            android:exported="false"
127-->[com.google.android.gms:play-services-base:12.0.1] AndroidManifest.xml:25:13-37
128            android:theme="@android:style/Theme.Translucent.NoTitleBar" />
128-->[com.google.android.gms:play-services-base:12.0.1] AndroidManifest.xml:26:13-72
129        <!--
130             FirebaseMessagingService performs security checks at runtime,
131             no need for explicit permissions despite exported="true"
132        -->
133        <service
133-->[com.google.firebase:firebase-messaging:12.0.1] AndroidManifest.xml:28:9-34:19
134            android:name="com.google.firebase.messaging.FirebaseMessagingService"
134-->[com.google.firebase:firebase-messaging:12.0.1] AndroidManifest.xml:29:13-82
135            android:exported="true" >
135-->[com.google.firebase:firebase-messaging:12.0.1] AndroidManifest.xml:30:13-36
136            <intent-filter android:priority="-500" >
136-->[com.google.firebase:firebase-messaging:12.0.1] AndroidManifest.xml:31:13-33:29
136-->[com.google.firebase:firebase-messaging:12.0.1] AndroidManifest.xml:31:28-51
137                <action android:name="com.google.firebase.MESSAGING_EVENT" />
137-->[com.google.firebase:firebase-messaging:12.0.1] AndroidManifest.xml:32:17-78
137-->[com.google.firebase:firebase-messaging:12.0.1] AndroidManifest.xml:32:25-75
138            </intent-filter>
139        </service>
140        <service
140-->[com.google.android.gms:play-services-tagmanager-api:12.0.1] AndroidManifest.xml:27:9-30:40
141            android:name="com.google.android.gms.tagmanager.TagManagerService"
141-->[com.google.android.gms:play-services-tagmanager-api:12.0.1] AndroidManifest.xml:28:13-79
142            android:enabled="true"
142-->[com.google.android.gms:play-services-tagmanager-api:12.0.1] AndroidManifest.xml:29:13-35
143            android:exported="false" />
143-->[com.google.android.gms:play-services-tagmanager-api:12.0.1] AndroidManifest.xml:30:13-37
144
145        <activity
145-->[com.google.android.gms:play-services-tagmanager-api:12.0.1] AndroidManifest.xml:32:9-44:20
146            android:name="com.google.android.gms.tagmanager.TagManagerPreviewActivity"
146-->[com.google.android.gms:play-services-tagmanager-api:12.0.1] AndroidManifest.xml:33:13-87
147            android:exported="true"
147-->[com.google.android.gms:play-services-tagmanager-api:12.0.1] AndroidManifest.xml:34:13-36
148            android:noHistory="true" > <!-- optional, removes the previewActivity from the activity stack. -->
148-->[com.google.android.gms:play-services-tagmanager-api:12.0.1] AndroidManifest.xml:35:13-37
149            <intent-filter>
149-->[com.google.android.gms:play-services-tagmanager-api:12.0.1] AndroidManifest.xml:36:13-43:29
150                <data android:scheme="tagmanager.c.com.drivelert.akarshan.drivelert" />
150-->[com.google.android.gms:play-services-tagmanager-api:12.0.1] AndroidManifest.xml:37:17-72
150-->[com.google.android.gms:play-services-tagmanager-api:12.0.1] AndroidManifest.xml:37:23-69
151
152                <action android:name="android.intent.action.VIEW" />
152-->[com.google.android.gms:play-services-tagmanager-api:12.0.1] AndroidManifest.xml:39:17-69
152-->[com.google.android.gms:play-services-tagmanager-api:12.0.1] AndroidManifest.xml:39:25-66
153
154                <category android:name="android.intent.category.DEFAULT" />
154-->[com.google.android.gms:play-services-appinvite:12.0.1] AndroidManifest.xml:32:17-76
154-->[com.google.android.gms:play-services-appinvite:12.0.1] AndroidManifest.xml:32:27-73
155                <category android:name="android.intent.category.BROWSABLE" />
155-->[com.google.android.gms:play-services-tagmanager-api:12.0.1] AndroidManifest.xml:42:17-78
155-->[com.google.android.gms:play-services-tagmanager-api:12.0.1] AndroidManifest.xml:42:27-75
156            </intent-filter>
157        </activity>
158
159        <receiver
159-->[com.google.firebase:firebase-analytics:12.0.1] AndroidManifest.xml:28:9-32:20
160            android:name="com.google.android.gms.measurement.AppMeasurementReceiver"
160-->[com.google.firebase:firebase-analytics:12.0.1] AndroidManifest.xml:29:13-85
161            android:enabled="true"
161-->[com.google.firebase:firebase-analytics:12.0.1] AndroidManifest.xml:30:13-35
162            android:exported="false" >
162-->[com.google.firebase:firebase-analytics:12.0.1] AndroidManifest.xml:31:13-37
163        </receiver>
164        <receiver
164-->[com.google.firebase:firebase-analytics:12.0.1] AndroidManifest.xml:33:9-41:20
165            android:name="com.google.android.gms.measurement.AppMeasurementInstallReferrerReceiver"
165-->[com.google.firebase:firebase-analytics:12.0.1] AndroidManifest.xml:34:13-100
166            android:enabled="true"
166-->[com.google.firebase:firebase-analytics:12.0.1] AndroidManifest.xml:35:13-35
167            android:exported="true"
167-->[com.google.firebase:firebase-analytics:12.0.1] AndroidManifest.xml:36:13-36
168            android:permission="android.permission.INSTALL_PACKAGES" >
168-->[com.google.firebase:firebase-analytics:12.0.1] AndroidManifest.xml:37:13-69
169            <intent-filter>
169-->[com.google.firebase:firebase-analytics:12.0.1] AndroidManifest.xml:38:13-40:29
170                <action android:name="com.android.vending.INSTALL_REFERRER" />
170-->[com.google.firebase:firebase-analytics:12.0.1] AndroidManifest.xml:39:17-79
170-->[com.google.firebase:firebase-analytics:12.0.1] AndroidManifest.xml:39:25-76
171            </intent-filter>
172        </receiver>
173
174        <service
174-->[com.google.firebase:firebase-analytics:12.0.1] AndroidManifest.xml:43:9-46:40
175            android:name="com.google.android.gms.measurement.AppMeasurementService"
175-->[com.google.firebase:firebase-analytics:12.0.1] AndroidManifest.xml:44:13-84
176            android:enabled="true"
176-->[com.google.firebase:firebase-analytics:12.0.1] AndroidManifest.xml:45:13-35
177            android:exported="false" />
177-->[com.google.firebase:firebase-analytics:12.0.1] AndroidManifest.xml:46:13-37
178        <service
178-->[com.google.firebase:firebase-analytics:12.0.1] AndroidManifest.xml:47:9-51:72
179            android:name="com.google.android.gms.measurement.AppMeasurementJobService"
179-->[com.google.firebase:firebase-analytics:12.0.1] AndroidManifest.xml:48:13-87
180            android:enabled="true"
180-->[com.google.firebase:firebase-analytics:12.0.1] AndroidManifest.xml:49:13-35
181            android:exported="false"
181-->[com.google.firebase:firebase-analytics:12.0.1] AndroidManifest.xml:50:13-37
182            android:permission="android.permission.BIND_JOB_SERVICE" />
182-->[com.google.firebase:firebase-analytics:12.0.1] AndroidManifest.xml:51:13-69
183
184        <receiver
184-->[com.google.firebase:firebase-iid:12.0.1] AndroidManifest.xml:35:9-44:20
185            android:name="com.google.firebase.iid.FirebaseInstanceIdReceiver"
185-->[com.google.firebase:firebase-iid:12.0.1] AndroidManifest.xml:36:13-78
186            android:exported="true"
186-->[com.google.firebase:firebase-iid:12.0.1] AndroidManifest.xml:37:13-36
187            android:permission="com.google.android.c2dm.permission.SEND" >
187-->[com.google.firebase:firebase-iid:12.0.1] AndroidManifest.xml:38:13-73
188            <intent-filter>
188-->[com.google.firebase:firebase-iid:12.0.1] AndroidManifest.xml:39:13-43:29
189                <action android:name="com.google.android.c2dm.intent.RECEIVE" />
189-->[com.google.firebase:firebase-iid:12.0.1] AndroidManifest.xml:40:17-81
189-->[com.google.firebase:firebase-iid:12.0.1] AndroidManifest.xml:40:25-78
190
191                <category android:name="com.drivelert.akarshan.drivelert" />
191-->[com.google.firebase:firebase-iid:12.0.1] AndroidManifest.xml:42:17-61
191-->[com.google.firebase:firebase-iid:12.0.1] AndroidManifest.xml:42:27-58
192            </intent-filter>
193        </receiver>
194        <!--
195             FirebaseInstanceIdService performs security checks at runtime,
196             no need for explicit permissions despite exported="true"
197        -->
198        <service
198-->[com.google.firebase:firebase-iid:12.0.1] AndroidManifest.xml:50:9-56:19
199            android:name="com.google.firebase.iid.FirebaseInstanceIdService"
199-->[com.google.firebase:firebase-iid:12.0.1] AndroidManifest.xml:51:13-77
200            android:exported="true" >
200-->[com.google.firebase:firebase-iid:12.0.1] AndroidManifest.xml:52:13-36
201            <intent-filter android:priority="-500" >
201-->[com.google.firebase:firebase-iid:12.0.1] AndroidManifest.xml:53:13-55:29
201-->[com.google.firebase:firebase-iid:12.0.1] AndroidManifest.xml:53:28-51
202                <action android:name="com.google.firebase.INSTANCE_ID_EVENT" />
202-->[com.google.firebase:firebase-iid:12.0.1] AndroidManifest.xml:54:17-80
202-->[com.google.firebase:firebase-iid:12.0.1] AndroidManifest.xml:54:25-77
203            </intent-filter>
204        </service>
205
206        <provider
206-->[com.google.firebase:firebase-common:12.0.1] AndroidManifest.xml:8:9-12:39
207            android:name="com.google.firebase.provider.FirebaseInitProvider"
207-->[com.google.firebase:firebase-common:12.0.1] AndroidManifest.xml:9:13-77
208            android:authorities="com.drivelert.akarshan.drivelert.firebaseinitprovider"
208-->[com.google.firebase:firebase-common:12.0.1] AndroidManifest.xml:10:13-72
209            android:exported="false"
209-->[com.google.firebase:firebase-common:12.0.1] AndroidManifest.xml:11:13-37
210            android:initOrder="100" />
210-->[com.google.firebase:firebase-common:12.0.1] AndroidManifest.xml:12:13-36
211
212        <meta-data
212-->[com.google.android.gms:play-services-basement:12.0.1] AndroidManifest.xml:23:9-25:69
213            android:name="com.google.android.gms.version"
213-->[com.google.android.gms:play-services-basement:12.0.1] AndroidManifest.xml:24:13-58
214            android:value="@integer/google_play_services_version" />
214-->[com.google.android.gms:play-services-basement:12.0.1] AndroidManifest.xml:25:13-66
215        <meta-data
215-->[android.arch.lifecycle:runtime:1.0.0] AndroidManifest.xml:25:9-27:47
216            android:name="android.arch.lifecycle.VERSION"
216-->[android.arch.lifecycle:runtime:1.0.0] AndroidManifest.xml:26:13-58
217            android:value="27.0.0-SNAPSHOT" />
217-->[android.arch.lifecycle:runtime:1.0.0] AndroidManifest.xml:27:13-44
218    </application>
219
220</manifest>